2024-03-02 23:01:24,930 [Worker-0: Loading available Gradle versions] INFO  o.e.b.c.i.u.g.PublishedGradleVersions - Gradle version information cache is not available. Remote download required.
2024-05-03 23:38:03,865 [Worker-3: Loading available Gradle versions] INFO  o.e.b.c.i.u.g.PublishedGradleVersions - Gradle version information cache is out-of-date. Trying to update.
2024-06-12 21:30:32,888 [Worker-5: Loading available Gradle versions] INFO  o.e.b.c.i.u.g.PublishedGradleVersions - Gradle version information cache is out-of-date. Trying to update.
2024-06-16 20:49:00,336 [Worker-188: Fetching remote refs from shaileshgaikwad171995%2540gmail.com@github.com:MrShaileshGaikwad/Basic-Java.git] INFO  o.a.s.c.u.s.e.EdDSASecurityProviderRegistrar - getOrCreateProvider(EdDSA) created instance of net.i2p.crypto.eddsa.EdDSASecurityProvider
2024-06-16 20:49:00,920 [Worker-188: Fetching remote refs from shaileshgaikwad171995%2540gmail.com@github.com:MrShaileshGaikwad/Basic-Java.git] INFO  o.a.s.c.i.DefaultIoServiceFactoryFactory - No detected/configured IoServiceFactoryFactory; using Nio2ServiceFactoryFactory
2024-06-30 22:43:38,700 [Worker-4: Loading available Gradle versions] INFO  o.e.b.c.i.u.g.PublishedGradleVersions - Gradle version information cache is out-of-date. Trying to update.
2024-07-10 17:08:44,261 [Worker-6: Loading available Gradle versions] INFO  o.e.b.c.i.u.g.PublishedGradleVersions - Gradle version information cache is out-of-date. Trying to update.
2024-07-13 19:18:53,316 [Worker-7: Loading available Gradle versions] INFO  o.e.b.c.i.u.g.PublishedGradleVersions - Gradle version information cache is out-of-date. Trying to update.
2024-07-13 20:07:09,024 [ModalContext] INFO  o.e.m.c.i.e.AbstractTransferListenerAdapter - Downloading https://repo.maven.apache.org/maven2/am/ik/archetype/graalvm-springmvc-blank-archetype/0.1.2/graalvm-springmvc-blank-archetype-0.1.2.pom
2024-07-13 20:07:09,046 [ModalContext] INFO  o.e.m.c.i.e.AbstractTransferListenerAdapter - Downloaded https://repo.maven.apache.org/maven2/am/ik/archetype/graalvm-springmvc-blank-archetype/0.1.2/graalvm-springmvc-blank-archetype-0.1.2.pom
2024-07-13 20:07:09,109 [ModalContext] INFO  o.e.m.c.i.e.AbstractTransferListenerAdapter - Downloading https://repo.maven.apache.org/maven2/am/ik/archetype/graalvm-springmvc-blank-archetype/0.1.2/graalvm-springmvc-blank-archetype-0.1.2.jar
2024-07-13 20:07:09,124 [ModalContext] INFO  o.e.m.c.i.e.AbstractTransferListenerAdapter - Downloaded https://repo.maven.apache.org/maven2/am/ik/archetype/graalvm-springmvc-blank-archetype/0.1.2/graalvm-springmvc-blank-archetype-0.1.2.jar
2024-07-13 20:11:18,982 [Worker-40: Launching mavenrun-39330339-9ec4-422e-b1d9-61d7af6d8b7e] INFO  o.eclipse.m2e.core.internal.Bundles - getClasspathEntries(Bundle=org.eclipse.m2e.maven.runtime_3.9.500.20231113-2345 [295])
2024-07-13 20:11:18,984 [Worker-40: Launching mavenrun-39330339-9ec4-422e-b1d9-61d7af6d8b7e] INFO  o.eclipse.m2e.core.internal.Bundles - 	Entry: C:\Users\Shree\.p2\pool\plugins\org.eclipse.m2e.maven.runtime_3.9.500.20231113-2345
2024-07-13 20:11:18,985 [Worker-40: Launching mavenrun-39330339-9ec4-422e-b1d9-61d7af6d8b7e] INFO  o.eclipse.m2e.core.internal.Bundles - 	Entry: C:\Users\Shree\.p2\pool\plugins\org.eclipse.m2e.maven.runtime_3.9.500.20231113-2345\jars\aopalliance-1.0.jar
2024-07-13 20:11:18,985 [Worker-40: Launching mavenrun-39330339-9ec4-422e-b1d9-61d7af6d8b7e] INFO  o.eclipse.m2e.core.internal.Bundles - 	Entry: C:\Users\Shree\.p2\pool\plugins\org.eclipse.m2e.maven.runtime_3.9.500.20231113-2345\jars\guice-5.1.0.jar
2024-07-13 20:11:18,985 [Worker-40: Launching mavenrun-39330339-9ec4-422e-b1d9-61d7af6d8b7e] INFO  o.eclipse.m2e.core.internal.Bundles - 	Entry: C:\Users\Shree\.p2\pool\plugins\org.eclipse.m2e.maven.runtime_3.9.500.20231113-2345\jars\httpclient-4.5.14.jar
2024-07-13 20:11:18,985 [Worker-40: Launching mavenrun-39330339-9ec4-422e-b1d9-61d7af6d8b7e] INFO  o.eclipse.m2e.core.internal.Bundles - 	Entry: C:\Users\Shree\.p2\pool\plugins\org.eclipse.m2e.maven.runtime_3.9.500.20231113-2345\jars\httpcore-4.4.16.jar
2024-07-13 20:11:18,986 [Worker-40: Launching mavenrun-39330339-9ec4-422e-b1d9-61d7af6d8b7e] INFO  o.eclipse.m2e.core.internal.Bundles - 	Entry: C:\Users\Shree\.p2\pool\plugins\org.eclipse.m2e.maven.runtime_3.9.500.20231113-2345\jars\jansi-2.4.0.jar
2024-07-13 20:11:18,986 [Worker-40: Launching mavenrun-39330339-9ec4-422e-b1d9-61d7af6d8b7e] INFO  o.eclipse.m2e.core.internal.Bundles - 	Entry: C:\Users\Shree\.p2\pool\plugins\org.eclipse.m2e.maven.runtime_3.9.500.20231113-2345\jars\jcl-over-slf4j-1.7.36.jar
2024-07-13 20:11:18,986 [Worker-40: Launching mavenrun-39330339-9ec4-422e-b1d9-61d7af6d8b7e] INFO  o.eclipse.m2e.core.internal.Bundles - 	Entry: C:\Users\Shree\.p2\pool\plugins\org.eclipse.m2e.maven.runtime_3.9.500.20231113-2345\jars\maven-artifact-3.9.5.jar
2024-07-13 20:11:18,987 [Worker-40: Launching mavenrun-39330339-9ec4-422e-b1d9-61d7af6d8b7e] INFO  o.eclipse.m2e.core.internal.Bundles - 	Entry: C:\Users\Shree\.p2\pool\plugins\org.eclipse.m2e.maven.runtime_3.9.500.20231113-2345\jars\maven-builder-support-3.9.5.jar
2024-07-13 20:11:18,987 [Worker-40: Launching mavenrun-39330339-9ec4-422e-b1d9-61d7af6d8b7e] INFO  o.eclipse.m2e.core.internal.Bundles - 	Entry: C:\Users\Shree\.p2\pool\plugins\org.eclipse.m2e.maven.runtime_3.9.500.20231113-2345\jars\maven-compat-3.9.5.jar
2024-07-13 20:11:18,987 [Worker-40: Launching mavenrun-39330339-9ec4-422e-b1d9-61d7af6d8b7e] INFO  o.eclipse.m2e.core.internal.Bundles - 	Entry: C:\Users\Shree\.p2\pool\plugins\org.eclipse.m2e.maven.runtime_3.9.500.20231113-2345\jars\maven-core-3.9.5.jar
2024-07-13 20:11:18,987 [Worker-40: Launching mavenrun-39330339-9ec4-422e-b1d9-61d7af6d8b7e] INFO  o.eclipse.m2e.core.internal.Bundles - 	Entry: C:\Users\Shree\.p2\pool\plugins\org.eclipse.m2e.maven.runtime_3.9.500.20231113-2345\jars\maven-embedder-3.9.5.jar
2024-07-13 20:11:18,987 [Worker-40: Launching mavenrun-39330339-9ec4-422e-b1d9-61d7af6d8b7e] INFO  o.eclipse.m2e.core.internal.Bundles - 	Entry: C:\Users\Shree\.p2\pool\plugins\org.eclipse.m2e.maven.runtime_3.9.500.20231113-2345\jars\maven-model-3.9.5.jar
2024-07-13 20:11:18,987 [Worker-40: Launching mavenrun-39330339-9ec4-422e-b1d9-61d7af6d8b7e] INFO  o.eclipse.m2e.core.internal.Bundles - 	Entry: C:\Users\Shree\.p2\pool\plugins\org.eclipse.m2e.maven.runtime_3.9.500.20231113-2345\jars\maven-model-builder-3.9.5.jar
2024-07-13 20:11:18,988 [Worker-40: Launching mavenrun-39330339-9ec4-422e-b1d9-61d7af6d8b7e] INFO  o.eclipse.m2e.core.internal.Bundles - 	Entry: C:\Users\Shree\.p2\pool\plugins\org.eclipse.m2e.maven.runtime_3.9.500.20231113-2345\jars\maven-plugin-api-3.9.5.jar
2024-07-13 20:11:18,988 [Worker-40: Launching mavenrun-39330339-9ec4-422e-b1d9-61d7af6d8b7e] INFO  o.eclipse.m2e.core.internal.Bundles - 	Entry: C:\Users\Shree\.p2\pool\plugins\org.eclipse.m2e.maven.runtime_3.9.500.20231113-2345\jars\maven-repository-metadata-3.9.5.jar
2024-07-13 20:11:18,988 [Worker-40: Launching mavenrun-39330339-9ec4-422e-b1d9-61d7af6d8b7e] INFO  o.eclipse.m2e.core.internal.Bundles - 	Entry: C:\Users\Shree\.p2\pool\plugins\org.eclipse.m2e.maven.runtime_3.9.500.20231113-2345\jars\maven-resolver-api-1.9.16.jar
2024-07-13 20:11:18,989 [Worker-40: Launching mavenrun-39330339-9ec4-422e-b1d9-61d7af6d8b7e] INFO  o.eclipse.m2e.core.internal.Bundles - 	Entry: C:\Users\Shree\.p2\pool\plugins\org.eclipse.m2e.maven.runtime_3.9.500.20231113-2345\jars\maven-resolver-connector-basic-1.9.16.jar
2024-07-13 20:11:18,989 [Worker-40: Launching mavenrun-39330339-9ec4-422e-b1d9-61d7af6d8b7e] INFO  o.eclipse.m2e.core.internal.Bundles - 	Entry: C:\Users\Shree\.p2\pool\plugins\org.eclipse.m2e.maven.runtime_3.9.500.20231113-2345\jars\maven-resolver-impl-1.9.16.jar
2024-07-13 20:11:18,989 [Worker-40: Launching mavenrun-39330339-9ec4-422e-b1d9-61d7af6d8b7e] INFO  o.eclipse.m2e.core.internal.Bundles - 	Entry: C:\Users\Shree\.p2\pool\plugins\org.eclipse.m2e.maven.runtime_3.9.500.20231113-2345\jars\maven-resolver-named-locks-1.9.16.jar
2024-07-13 20:11:18,989 [Worker-40: Launching mavenrun-39330339-9ec4-422e-b1d9-61d7af6d8b7e] INFO  o.eclipse.m2e.core.internal.Bundles - 	Entry: C:\Users\Shree\.p2\pool\plugins\org.eclipse.m2e.maven.runtime_3.9.500.20231113-2345\jars\maven-resolver-provider-3.9.5.jar
2024-07-13 20:11:18,989 [Worker-40: Launching mavenrun-39330339-9ec4-422e-b1d9-61d7af6d8b7e] INFO  o.eclipse.m2e.core.internal.Bundles - 	Entry: C:\Users\Shree\.p2\pool\plugins\org.eclipse.m2e.maven.runtime_3.9.500.20231113-2345\jars\maven-resolver-spi-1.9.16.jar
2024-07-13 20:11:18,990 [Worker-40: Launching mavenrun-39330339-9ec4-422e-b1d9-61d7af6d8b7e] INFO  o.eclipse.m2e.core.internal.Bundles - 	Entry: C:\Users\Shree\.p2\pool\plugins\org.eclipse.m2e.maven.runtime_3.9.500.20231113-2345\jars\maven-resolver-transport-file-1.9.16.jar
2024-07-13 20:11:18,990 [Worker-40: Launching mavenrun-39330339-9ec4-422e-b1d9-61d7af6d8b7e] INFO  o.eclipse.m2e.core.internal.Bundles - 	Entry: C:\Users\Shree\.p2\pool\plugins\org.eclipse.m2e.maven.runtime_3.9.500.20231113-2345\jars\maven-resolver-transport-http-1.9.16.jar
2024-07-13 20:11:18,990 [Worker-40: Launching mavenrun-39330339-9ec4-422e-b1d9-61d7af6d8b7e] INFO  o.eclipse.m2e.core.internal.Bundles - 	Entry: C:\Users\Shree\.p2\pool\plugins\org.eclipse.m2e.maven.runtime_3.9.500.20231113-2345\jars\maven-resolver-transport-wagon-1.9.16.jar
2024-07-13 20:11:18,990 [Worker-40: Launching mavenrun-39330339-9ec4-422e-b1d9-61d7af6d8b7e] INFO  o.eclipse.m2e.core.internal.Bundles - 	Entry: C:\Users\Shree\.p2\pool\plugins\org.eclipse.m2e.maven.runtime_3.9.500.20231113-2345\jars\maven-resolver-util-1.9.16.jar
2024-07-13 20:11:18,990 [Worker-40: Launching mavenrun-39330339-9ec4-422e-b1d9-61d7af6d8b7e] INFO  o.eclipse.m2e.core.internal.Bundles - 	Entry: C:\Users\Shree\.p2\pool\plugins\org.eclipse.m2e.maven.runtime_3.9.500.20231113-2345\jars\maven-settings-3.9.5.jar
2024-07-13 20:11:18,990 [Worker-40: Launching mavenrun-39330339-9ec4-422e-b1d9-61d7af6d8b7e] INFO  o.eclipse.m2e.core.internal.Bundles - 	Entry: C:\Users\Shree\.p2\pool\plugins\org.eclipse.m2e.maven.runtime_3.9.500.20231113-2345\jars\maven-settings-builder-3.9.5.jar
2024-07-13 20:11:18,991 [Worker-40: Launching mavenrun-39330339-9ec4-422e-b1d9-61d7af6d8b7e] INFO  o.eclipse.m2e.core.internal.Bundles - 	Entry: C:\Users\Shree\.p2\pool\plugins\org.eclipse.m2e.maven.runtime_3.9.500.20231113-2345\jars\maven-shared-utils-3.3.4.jar
2024-07-13 20:11:18,991 [Worker-40: Launching mavenrun-39330339-9ec4-422e-b1d9-61d7af6d8b7e] INFO  o.eclipse.m2e.core.internal.Bundles - 	Entry: C:\Users\Shree\.p2\pool\plugins\org.eclipse.m2e.maven.runtime_3.9.500.20231113-2345\jars\org.eclipse.sisu.inject-0.3.5.jar
2024-07-13 20:11:18,991 [Worker-40: Launching mavenrun-39330339-9ec4-422e-b1d9-61d7af6d8b7e] INFO  o.eclipse.m2e.core.internal.Bundles - 	Entry: C:\Users\Shree\.p2\pool\plugins\org.eclipse.m2e.maven.runtime_3.9.500.20231113-2345\jars\org.eclipse.sisu.plexus-0.3.5.jar
2024-07-13 20:11:18,991 [Worker-40: Launching mavenrun-39330339-9ec4-422e-b1d9-61d7af6d8b7e] INFO  o.eclipse.m2e.core.internal.Bundles - 	Entry: C:\Users\Shree\.p2\pool\plugins\org.eclipse.m2e.maven.runtime_3.9.500.20231113-2345\jars\plexus-build-api-0.0.7.jar
2024-07-13 20:11:18,991 [Worker-40: Launching mavenrun-39330339-9ec4-422e-b1d9-61d7af6d8b7e] INFO  o.eclipse.m2e.core.internal.Bundles - 	Entry: C:\Users\Shree\.p2\pool\plugins\org.eclipse.m2e.maven.runtime_3.9.500.20231113-2345\jars\plexus-cipher-2.0.jar
2024-07-13 20:11:18,992 [Worker-40: Launching mavenrun-39330339-9ec4-422e-b1d9-61d7af6d8b7e] INFO  o.eclipse.m2e.core.internal.Bundles - 	Entry: C:\Users\Shree\.p2\pool\plugins\org.eclipse.m2e.maven.runtime_3.9.500.20231113-2345\jars\plexus-classworlds-2.7.0.jar
2024-07-13 20:11:18,992 [Worker-40: Launching mavenrun-39330339-9ec4-422e-b1d9-61d7af6d8b7e] INFO  o.eclipse.m2e.core.internal.Bundles - 	Entry: C:\Users\Shree\.p2\pool\plugins\org.eclipse.m2e.maven.runtime_3.9.500.20231113-2345\jars\plexus-component-annotations-2.1.0.jar
2024-07-13 20:11:18,992 [Worker-40: Launching mavenrun-39330339-9ec4-422e-b1d9-61d7af6d8b7e] INFO  o.eclipse.m2e.core.internal.Bundles - 	Entry: C:\Users\Shree\.p2\pool\plugins\org.eclipse.m2e.maven.runtime_3.9.500.20231113-2345\jars\plexus-interpolation-1.26.jar
2024-07-13 20:11:18,992 [Worker-40: Launching mavenrun-39330339-9ec4-422e-b1d9-61d7af6d8b7e] INFO  o.eclipse.m2e.core.internal.Bundles - 	Entry: C:\Users\Shree\.p2\pool\plugins\org.eclipse.m2e.maven.runtime_3.9.500.20231113-2345\jars\plexus-sec-dispatcher-2.0.jar
2024-07-13 20:11:18,992 [Worker-40: Launching mavenrun-39330339-9ec4-422e-b1d9-61d7af6d8b7e] INFO  o.eclipse.m2e.core.internal.Bundles - 	Entry: C:\Users\Shree\.p2\pool\plugins\org.eclipse.m2e.maven.runtime_3.9.500.20231113-2345\jars\plexus-utils-3.5.1.jar
2024-07-13 20:11:18,993 [Worker-40: Launching mavenrun-39330339-9ec4-422e-b1d9-61d7af6d8b7e] INFO  o.eclipse.m2e.core.internal.Bundles - 	Entry: C:\Users\Shree\.p2\pool\plugins\org.eclipse.m2e.maven.runtime_3.9.500.20231113-2345\jars\wagon-file-3.5.3.jar
2024-07-13 20:11:18,993 [Worker-40: Launching mavenrun-39330339-9ec4-422e-b1d9-61d7af6d8b7e] INFO  o.eclipse.m2e.core.internal.Bundles - 	Entry: C:\Users\Shree\.p2\pool\plugins\org.eclipse.m2e.maven.runtime_3.9.500.20231113-2345\jars\wagon-http-3.5.3.jar
2024-07-13 20:11:18,993 [Worker-40: Launching mavenrun-39330339-9ec4-422e-b1d9-61d7af6d8b7e] INFO  o.eclipse.m2e.core.internal.Bundles - 	Entry: C:\Users\Shree\.p2\pool\plugins\org.eclipse.m2e.maven.runtime_3.9.500.20231113-2345\jars\wagon-http-shared-3.5.3.jar
2024-07-13 20:11:18,993 [Worker-40: Launching mavenrun-39330339-9ec4-422e-b1d9-61d7af6d8b7e] INFO  o.eclipse.m2e.core.internal.Bundles - 	Entry: C:\Users\Shree\.p2\pool\plugins\org.eclipse.m2e.maven.runtime_3.9.500.20231113-2345\jars\wagon-provider-api-3.5.3.jar
2024-07-13 20:11:18,995 [Worker-40: Launching mavenrun-39330339-9ec4-422e-b1d9-61d7af6d8b7e] INFO  o.eclipse.m2e.core.internal.Bundles - getClasspathEntries(Bundle=com.google.guava_32.1.3.jre [10])
2024-07-13 20:11:18,995 [Worker-40: Launching mavenrun-39330339-9ec4-422e-b1d9-61d7af6d8b7e] INFO  o.eclipse.m2e.core.internal.Bundles - 	Entry: C:\Users\Shree\.p2\pool\plugins\com.google.guava_32.1.3.jre.jar
2024-07-13 20:11:18,996 [Worker-40: Launching mavenrun-39330339-9ec4-422e-b1d9-61d7af6d8b7e] INFO  o.eclipse.m2e.core.internal.Bundles - getClasspathEntries(Bundle=slf4j.api_2.0.13 [586])
2024-07-13 20:11:18,996 [Worker-40: Launching mavenrun-39330339-9ec4-422e-b1d9-61d7af6d8b7e] INFO  o.eclipse.m2e.core.internal.Bundles - 	Entry: C:\Users\Shree\.p2\pool\plugins\slf4j.api_2.0.13.jar
2024-07-13 20:11:18,996 [Worker-40: Launching mavenrun-39330339-9ec4-422e-b1d9-61d7af6d8b7e] INFO  o.eclipse.m2e.core.internal.Bundles - getClasspathEntries(Bundle=jakarta.inject.jakarta.inject-api_1.0.5 [22])
2024-07-13 20:11:18,996 [Worker-40: Launching mavenrun-39330339-9ec4-422e-b1d9-61d7af6d8b7e] INFO  o.eclipse.m2e.core.internal.Bundles - 	Entry: C:\Users\Shree\.p2\pool\plugins\jakarta.inject.jakarta.inject-api_1.0.5.jar
2024-07-13 20:11:18,996 [Worker-40: Launching mavenrun-39330339-9ec4-422e-b1d9-61d7af6d8b7e] INFO  o.eclipse.m2e.core.internal.Bundles - getClasspathEntries(Bundle=javax.annotation_1.3.5.v20200909-1856 [528])
2024-07-13 20:11:18,997 [Worker-40: Launching mavenrun-39330339-9ec4-422e-b1d9-61d7af6d8b7e] INFO  o.eclipse.m2e.core.internal.Bundles - 	Entry: C:\Users\Shree\.p2\pool\plugins\javax.annotation_1.3.5.v20200909-1856.jar
2024-07-13 20:11:18,997 [Worker-40: Launching mavenrun-39330339-9ec4-422e-b1d9-61d7af6d8b7e] INFO  o.eclipse.m2e.core.internal.Bundles - getClasspathEntries(Bundle=org.apache.commons.cli_1.6.0 [46])
2024-07-13 20:11:18,997 [Worker-40: Launching mavenrun-39330339-9ec4-422e-b1d9-61d7af6d8b7e] INFO  o.eclipse.m2e.core.internal.Bundles - 	Entry: C:\Users\Shree\.p2\pool\plugins\org.apache.commons.cli_1.6.0.jar
2024-07-13 20:11:18,997 [Worker-40: Launching mavenrun-39330339-9ec4-422e-b1d9-61d7af6d8b7e] INFO  o.eclipse.m2e.core.internal.Bundles - getClasspathEntries(Bundle=org.apache.commons.commons-codec_1.16.0 [48])
2024-07-13 20:11:18,998 [Worker-40: Launching mavenrun-39330339-9ec4-422e-b1d9-61d7af6d8b7e] INFO  o.eclipse.m2e.core.internal.Bundles - 	Entry: C:\Users\Shree\.p2\pool\plugins\org.apache.commons.commons-codec_1.16.0.jar
2024-07-13 20:11:18,998 [Worker-40: Launching mavenrun-39330339-9ec4-422e-b1d9-61d7af6d8b7e] INFO  o.eclipse.m2e.core.internal.Bundles - getClasspathEntries(Bundle=org.apache.commons.lang3_3.13.0 [53])
2024-07-13 20:11:19,000 [Worker-40: Launching mavenrun-39330339-9ec4-422e-b1d9-61d7af6d8b7e] INFO  o.eclipse.m2e.core.internal.Bundles - 	Entry: C:\Users\Shree\.p2\pool\plugins\org.apache.commons.lang3_3.13.0.jar
2024-07-13 20:11:19,000 [Worker-40: Launching mavenrun-39330339-9ec4-422e-b1d9-61d7af6d8b7e] INFO  o.eclipse.m2e.core.internal.Bundles - getClasspathEntries(Bundle=com.google.guava.failureaccess_1.0.2 [11])
2024-07-13 20:11:19,000 [Worker-40: Launching mavenrun-39330339-9ec4-422e-b1d9-61d7af6d8b7e] INFO  o.eclipse.m2e.core.internal.Bundles - 	Entry: C:\Users\Shree\.p2\pool\plugins\com.google.guava.failureaccess_1.0.2.jar
2024-07-13 20:11:19,005 [Worker-40: Launching mavenrun-39330339-9ec4-422e-b1d9-61d7af6d8b7e] INFO  o.e.m.i.launch.MavenLaunchDelegate - Run build in "C:\Users\Shree\AppData\Local\Temp\m2e-archetypeGenerator12494849394920505183":
2024-07-13 20:11:19,007 [Worker-40: Launching mavenrun-39330339-9ec4-422e-b1d9-61d7af6d8b7e] INFO  o.e.m.i.launch.MavenLaunchDelegate -  mvn  -DarchetypeGroupId=am.ik.archetype -DarchetypeArtifactId=graalvm-springmvc-blank-archetype -DarchetypeVersion=0.1.2 -DgroupId=ServletLearing -DartifactId=maven -Dversion=0.0.1-SNAPSHOT -Dpackage=com.ServletLearing -DoutputDirectory=C:\Users\Shree\eclipse-workspace -Dstyle.color=always -U archetype:generate
2024-07-14 01:24:31,277 [Worker-3: Loading available Gradle versions] INFO  o.e.b.c.i.u.g.PublishedGradleVersions - Gradle version information cache is up-to-date. Trying to read.
2024-07-24 23:16:51,233 [Worker-7: Loading available Gradle versions] INFO  o.e.b.c.i.u.g.PublishedGradleVersions - Gradle version information cache is out-of-date. Trying to update.
